c:\users\d-rob\documents\github\digdug\digdug\win32\debug\digdug.pch
c:\users\d-rob\documents\github\digdug\digdug\win32\debug\vc141.pdb
c:\users\d-rob\documents\github\digdug\digdug\win32\debug\vc141.idb
c:\users\d-rob\documents\github\digdug\digdug\win32\debug\pch.obj
c:\users\d-rob\documents\github\digdug\digdug\win32\debug\weaponcomponent.obj
c:\users\d-rob\documents\github\digdug\digdug\win32\debug\taizohoricomponent.obj
c:\users\d-rob\documents\github\digdug\digdug\win32\debug\pookahcomponent.obj
c:\users\d-rob\documents\github\digdug\digdug\win32\debug\defaultstatecomponent.obj
c:\users\d-rob\documents\github\digdug\digdug\win32\debug\healthdisplaycomponent.obj
c:\users\d-rob\documents\github\digdug\digdug\win32\debug\ghoststatecomponent.obj
c:\users\d-rob\documents\github\digdug\digdug\win32\debug\fygarcomponent.obj
c:\users\d-rob\documents\github\digdug\digdug\win32\debug\digdug.obj
c:\users\d-rob\documents\github\digdug\digdug\win32\debug\diestatecomponent.obj
c:\users\d-rob\documents\github\digdug\digdug\win32\debug\attackstatecomponent.obj
c:\users\d-rob\documents\github\digdug\win32\debug\digdug.exe
c:\users\d-rob\documents\github\digdug\win32\debug\digdug.ilk
c:\users\d-rob\documents\github\digdug\win32\debug\digdug.pdb
c:\users\d-rob\documents\github\digdug\digdug\win32\debug\digdug.tlog\cl.command.1.tlog
c:\users\d-rob\documents\github\digdug\digdug\win32\debug\digdug.tlog\cl.read.1.tlog
c:\users\d-rob\documents\github\digdug\digdug\win32\debug\digdug.tlog\cl.write.1.tlog
c:\users\d-rob\documents\github\digdug\digdug\win32\debug\digdug.tlog\link.command.1.tlog
c:\users\d-rob\documents\github\digdug\digdug\win32\debug\digdug.tlog\link.read.1.tlog
c:\users\d-rob\documents\github\digdug\digdug\win32\debug\digdug.tlog\link.write.1.tlog
