  MiniginPCH.cpp
  AnimatorComponent.cpp
  BodyComponent.cpp
  Chrono.cpp
  Controller.cpp
  Engine.cpp
  EventNotifier.cpp
  ForceFieldComponent.cpp
  FPSComponent.cpp
  Game.cpp
  GameObject.cpp
  InputDevice.cpp
  InputManager.cpp
  Keyboard.cpp
  MassComponent.cpp
  Canvas.cpp
  RenderableComponent.cpp
  ResourceManager.cpp
  Scene.cpp
  SceneManager.cpp
  ColliderComponent.cpp
  Compiling...
  Structs.cpp
  TextComponent.cpp
  TextureComponent.cpp
  TransformComponent.cpp
  Minigin.vcxproj -> C:\Users\d-rob\Documents\GitHub\DigDug\x64\Release\Minigin.lib
  C:\Users\d-rob\Documents\GitHub\DigDug\3rdParty\SDL2\lib\x64\SDL2.dll
  1 File(s) copied
  C:\Users\d-rob\Documents\GitHub\DigDug\3rdParty\SDL2_image\lib\x64\libjpeg-9.dll
  C:\Users\d-rob\Documents\GitHub\DigDug\3rdParty\SDL2_image\lib\x64\libpng16-16.dll
  C:\Users\d-rob\Documents\GitHub\DigDug\3rdParty\SDL2_image\lib\x64\libtiff-5.dll
  C:\Users\d-rob\Documents\GitHub\DigDug\3rdParty\SDL2_image\lib\x64\libwebp-7.dll
  C:\Users\d-rob\Documents\GitHub\DigDug\3rdParty\SDL2_image\lib\x64\SDL2_image.dll
  C:\Users\d-rob\Documents\GitHub\DigDug\3rdParty\SDL2_image\lib\x64\zlib1.dll
  6 File(s) copied
  C:\Users\d-rob\Documents\GitHub\DigDug\3rdParty\SDL2_ttf\lib\x64\libfreetype-6.dll
  C:\Users\d-rob\Documents\GitHub\DigDug\3rdParty\SDL2_ttf\lib\x64\SDL2_ttf.dll
  2 File(s) copied
