c:\users\d-rob\documents\github\digdug\minigin\x64\release\minigin.pch
c:\users\d-rob\documents\github\digdug\minigin\x64\release\minigin.pdb
c:\users\d-rob\documents\github\digdug\minigin\x64\release\miniginpch.obj
c:\users\d-rob\documents\github\digdug\minigin\x64\release\structs.obj
c:\users\d-rob\documents\github\digdug\minigin\x64\release\collidercomponent.obj
c:\users\d-rob\documents\github\digdug\minigin\x64\release\scenemanager.obj
c:\users\d-rob\documents\github\digdug\minigin\x64\release\scene.obj
c:\users\d-rob\documents\github\digdug\minigin\x64\release\resourcemanager.obj
c:\users\d-rob\documents\github\digdug\minigin\x64\release\renderablecomponent.obj
c:\users\d-rob\documents\github\digdug\minigin\x64\release\canvas.obj
c:\users\d-rob\documents\github\digdug\minigin\x64\release\masscomponent.obj
c:\users\d-rob\documents\github\digdug\minigin\x64\release\keyboard.obj
c:\users\d-rob\documents\github\digdug\minigin\x64\release\inputmanager.obj
c:\users\d-rob\documents\github\digdug\minigin\x64\release\inputdevice.obj
c:\users\d-rob\documents\github\digdug\minigin\x64\release\gameobject.obj
c:\users\d-rob\documents\github\digdug\minigin\x64\release\game.obj
c:\users\d-rob\documents\github\digdug\minigin\x64\release\fpscomponent.obj
c:\users\d-rob\documents\github\digdug\minigin\x64\release\forcefieldcomponent.obj
c:\users\d-rob\documents\github\digdug\minigin\x64\release\eventnotifier.obj
c:\users\d-rob\documents\github\digdug\minigin\x64\release\controller.obj
c:\users\d-rob\documents\github\digdug\minigin\x64\release\chrono.obj
c:\users\d-rob\documents\github\digdug\minigin\x64\release\bodycomponent.obj
c:\users\d-rob\documents\github\digdug\minigin\x64\release\animatorcomponent.obj
c:\users\d-rob\documents\github\digdug\minigin\x64\release\transformcomponent.obj
c:\users\d-rob\documents\github\digdug\minigin\x64\release\texturecomponent.obj
c:\users\d-rob\documents\github\digdug\minigin\x64\release\textcomponent.obj
c:\users\d-rob\documents\github\digdug\x64\release\minigin.lib
c:\users\d-rob\documents\github\digdug\minigin\x64\release\minigin.tlog\cl.command.1.tlog
c:\users\d-rob\documents\github\digdug\minigin\x64\release\minigin.tlog\cl.read.1.tlog
c:\users\d-rob\documents\github\digdug\minigin\x64\release\minigin.tlog\cl.write.1.tlog
c:\users\d-rob\documents\github\digdug\minigin\x64\release\minigin.tlog\lib-link.read.1.tlog
c:\users\d-rob\documents\github\digdug\minigin\x64\release\minigin.tlog\lib-link.write.1.tlog
c:\users\d-rob\documents\github\digdug\minigin\x64\release\minigin.tlog\lib.command.1.tlog
