c:\users\d-rob\desktop\programming 4\game\minigin\x64\debug\minigin.pch
c:\users\d-rob\desktop\programming 4\game\minigin\x64\debug\minigin.pdb
c:\users\d-rob\desktop\programming 4\game\minigin\x64\debug\minigin.idb
c:\users\d-rob\desktop\programming 4\game\minigin\x64\debug\miniginpch.obj
c:\users\d-rob\desktop\programming 4\game\minigin\x64\debug\transformcomponent.obj
c:\users\d-rob\desktop\programming 4\game\minigin\x64\debug\texturecomponent.obj
c:\users\d-rob\desktop\programming 4\game\minigin\x64\debug\textcomponent.obj
c:\users\d-rob\desktop\programming 4\game\minigin\x64\debug\structs.obj
c:\users\d-rob\desktop\programming 4\game\minigin\x64\debug\scenemanager.obj
c:\users\d-rob\desktop\programming 4\game\minigin\x64\debug\scene.obj
c:\users\d-rob\desktop\programming 4\game\minigin\x64\debug\resourcemanager.obj
c:\users\d-rob\desktop\programming 4\game\minigin\x64\debug\canvas.obj
c:\users\d-rob\desktop\programming 4\game\minigin\x64\debug\minigin.obj
c:\users\d-rob\desktop\programming 4\game\minigin\x64\debug\log.obj
c:\users\d-rob\desktop\programming 4\game\minigin\x64\debug\inputmanager.obj
c:\users\d-rob\desktop\programming 4\game\minigin\x64\debug\gameobject.obj
c:\users\d-rob\desktop\programming 4\game\minigin\x64\debug\game.obj
c:\users\d-rob\desktop\programming 4\game\minigin\x64\debug\fpscomponent.obj
c:\users\d-rob\desktop\programming 4\game\minigin\x64\debug\font.obj
c:\users\d-rob\desktop\programming 4\game\minigin\x64\debug\chrono.obj
c:\users\d-rob\desktop\programming 4\game\minigin\x64\debug\animationcomponent.obj
c:\users\d-rob\desktop\programming 4\game\x64\debug\minigin.lib
c:\users\d-rob\desktop\programming 4\game\x64\debug\minigin.pdb
c:\users\d-rob\desktop\programming 4\game\minigin\x64\debug\minigin.tlog\cl.command.1.tlog
c:\users\d-rob\desktop\programming 4\game\minigin\x64\debug\minigin.tlog\cl.read.1.tlog
c:\users\d-rob\desktop\programming 4\game\minigin\x64\debug\minigin.tlog\cl.write.1.tlog
c:\users\d-rob\desktop\programming 4\game\minigin\x64\debug\minigin.tlog\lib-link.read.1.tlog
c:\users\d-rob\desktop\programming 4\game\minigin\x64\debug\minigin.tlog\lib-link.write.1.tlog
c:\users\d-rob\desktop\programming 4\game\minigin\x64\debug\minigin.tlog\lib.command.1.tlog
