c:\users\d-rob\documents\github\digdug\minigin\win32\debug\minigin.pch
c:\users\d-rob\documents\github\digdug\minigin\win32\debug\minigin.pdb
c:\users\d-rob\documents\github\digdug\minigin\win32\debug\minigin.idb
c:\users\d-rob\documents\github\digdug\minigin\win32\debug\miniginpch.obj
c:\users\d-rob\documents\github\digdug\minigin\win32\debug\collidercomponent.obj
c:\users\d-rob\documents\github\digdug\minigin\win32\debug\scenemanager.obj
c:\users\d-rob\documents\github\digdug\minigin\win32\debug\scene.obj
c:\users\d-rob\documents\github\digdug\minigin\win32\debug\resourcemanager.obj
c:\users\d-rob\documents\github\digdug\minigin\win32\debug\renderablecomponent.obj
c:\users\d-rob\documents\github\digdug\minigin\win32\debug\canvas.obj
c:\users\d-rob\documents\github\digdug\minigin\win32\debug\masscomponent.obj
c:\users\d-rob\documents\github\digdug\minigin\win32\debug\keyboard.obj
c:\users\d-rob\documents\github\digdug\minigin\win32\debug\inputmanager.obj
c:\users\d-rob\documents\github\digdug\minigin\win32\debug\inputdevice.obj
c:\users\d-rob\documents\github\digdug\minigin\win32\debug\gameobject.obj
c:\users\d-rob\documents\github\digdug\minigin\win32\debug\game.obj
c:\users\d-rob\documents\github\digdug\minigin\win32\debug\fpscomponent.obj
c:\users\d-rob\documents\github\digdug\minigin\win32\debug\forcefieldcomponent.obj
c:\users\d-rob\documents\github\digdug\minigin\win32\debug\eventnotifier.obj
c:\users\d-rob\documents\github\digdug\minigin\win32\debug\engine.obj
c:\users\d-rob\documents\github\digdug\minigin\win32\debug\controller.obj
c:\users\d-rob\documents\github\digdug\minigin\win32\debug\chrono.obj
c:\users\d-rob\documents\github\digdug\minigin\win32\debug\bodycomponent.obj
c:\users\d-rob\documents\github\digdug\minigin\win32\debug\animatorcomponent.obj
c:\users\d-rob\documents\github\digdug\minigin\win32\debug\transformcomponent.obj
c:\users\d-rob\documents\github\digdug\minigin\win32\debug\texturecomponent.obj
c:\users\d-rob\documents\github\digdug\minigin\win32\debug\textcomponent.obj
c:\users\d-rob\documents\github\digdug\minigin\win32\debug\structs.obj
c:\users\d-rob\documents\github\digdug\win32\debug\minigin.lib
c:\users\d-rob\documents\github\digdug\win32\debug\minigin.pdb
c:\users\d-rob\documents\github\digdug\minigin\win32\debug\minigin.tlog\cl.command.1.tlog
c:\users\d-rob\documents\github\digdug\minigin\win32\debug\minigin.tlog\cl.read.1.tlog
c:\users\d-rob\documents\github\digdug\minigin\win32\debug\minigin.tlog\cl.write.1.tlog
c:\users\d-rob\documents\github\digdug\minigin\win32\debug\minigin.tlog\lib-link.read.1.tlog
c:\users\d-rob\documents\github\digdug\minigin\win32\debug\minigin.tlog\lib-link.write.1.tlog
c:\users\d-rob\documents\github\digdug\minigin\win32\debug\minigin.tlog\lib.command.1.tlog
