c:\users\d-rob\documents\github\digdug\digdug\x64\release\digdug.pch
c:\users\d-rob\documents\github\digdug\digdug\x64\release\vc141.pdb
c:\users\d-rob\documents\github\digdug\digdug\x64\release\pch.obj
c:\users\d-rob\documents\github\digdug\digdug\x64\release\taizohoricomponent.obj
c:\users\d-rob\documents\github\digdug\digdug\x64\release\defaultstatecomponent.obj
c:\users\d-rob\documents\github\digdug\digdug\x64\release\healthdisplaycomponent.obj
c:\users\d-rob\documents\github\digdug\digdug\x64\release\fygarcomponent.obj
c:\users\d-rob\documents\github\digdug\digdug\x64\release\digdug.obj
c:\users\d-rob\documents\github\digdug\digdug\x64\release\diestatecomponent.obj
c:\users\d-rob\documents\github\digdug\digdug\x64\release\attackstatecomponent.obj
c:\users\d-rob\documents\github\digdug\x64\release\digdug.ipdb
c:\users\d-rob\documents\github\digdug\x64\release\digdug.iobj
c:\users\d-rob\documents\github\digdug\x64\release\digdug.exe
c:\users\d-rob\documents\github\digdug\x64\release\digdug.pdb
c:\users\d-rob\documents\github\digdug\digdug\x64\release\digdug.tlog\cl.command.1.tlog
c:\users\d-rob\documents\github\digdug\digdug\x64\release\digdug.tlog\cl.read.1.tlog
c:\users\d-rob\documents\github\digdug\digdug\x64\release\digdug.tlog\cl.write.1.tlog
c:\users\d-rob\documents\github\digdug\digdug\x64\release\digdug.tlog\digdug.write.1u.tlog
c:\users\d-rob\documents\github\digdug\digdug\x64\release\digdug.tlog\link.command.1.tlog
c:\users\d-rob\documents\github\digdug\digdug\x64\release\digdug.tlog\link.read.1.tlog
c:\users\d-rob\documents\github\digdug\digdug\x64\release\digdug.tlog\link.write.1.tlog
